#! /c/Source/iverilog-install/bin/vvp
:ivl_version "12.0 (devel)" "(s20150603-1110-g18392a46)";
:ivl_delay_selection "TYPICAL";
:vpi_time_precision + 0;
:vpi_module "D:\iverilog\lib\ivl\system.vpi";
:vpi_module "D:\iverilog\lib\ivl\vhdl_sys.vpi";
:vpi_module "D:\iverilog\lib\ivl\vhdl_textio.vpi";
:vpi_module "D:\iverilog\lib\ivl\v2005_math.vpi";
:vpi_module "D:\iverilog\lib\ivl\va_math.vpi";
S_000002c8fc406dc0 .scope module, "im_4k" "im_4k" 2 3;
 .timescale 0 0;
    .port_info 0 /INPUT 10 "addr";
    .port_info 1 /OUTPUT 32 "dout";
L_000002c8fc404880 .functor BUFZ 32, L_000002c8fc3be420, C4<00000000000000000000000000000000>, C4<00000000000000000000000000000000>, C4<00000000000000000000000000000000>;
v000002c8fc3b6980_0 .net *"_ivl_0", 31 0, L_000002c8fc3be420;  1 drivers
v000002c8fc3b8ff0_0 .net *"_ivl_2", 11 0, L_000002c8fc3be4c0;  1 drivers
L_000002c8fc44bfc8 .functor BUFT 1, C4<00>, C4<0>, C4<0>, C4<0>;
v000002c8fc3be1a0_0 .net *"_ivl_5", 1 0, L_000002c8fc44bfc8;  1 drivers
o000002c8fc406fe8 .functor BUFZ 10, C4<zzzzzzzzzz>; HiZ drive
v000002c8fc3be240_0 .net "addr", 11 2, o000002c8fc406fe8;  0 drivers
v000002c8fc3be2e0_0 .net "dout", 31 0, L_000002c8fc404880;  1 drivers
v000002c8fc3be380 .array "im", 1023 0, 31 0;
L_000002c8fc3be420 .array/port v000002c8fc3be380, L_000002c8fc3be4c0;
L_000002c8fc3be4c0 .concat [ 10 2 0 0], o000002c8fc406fe8, L_000002c8fc44bfc8;
    .scope S_000002c8fc406dc0;
T_0 ;
    %vpi_call 2 13 "$readmemh", "D:/NUAA\350\256\241\347\273\204/\350\256\241\347\256\227\346\234\272\347\273\204\346\210\220\345\216\237\347\220\206\345\256\236\351\252\214\345\244\247\344\275\234\344\270\232/SingleCPU/code.txt", v000002c8fc3be380 {0 0 0};
    %end;
    .thread T_0;
# The file index is used to find the file name in the following table.
:file_names 3;
    "N/A";
    "<interactive>";
    "im.v";
